{"C:\\Proyectos\\moni-up-bursatil\\src\\components\\common\\AppButton.vue": {"path":"C:\\Proyectos\\moni-up-bursatil\\src\\components\\common\\AppButton.vue","statementMap":{"0":{"start":{"line":4,"column":14},"end":{"line":4,"column":null}},"1":{"start":{"line":35,"column":21},"end":{"line":43,"column":null}},"2":{"start":{"line":36,"column":2},"end":{"line":42,"column":null}},"3":{"start":{"line":47,"column":2},"end":{"line":54,"column":null}}},"fnMap":{"0":{"name":"(anonymous_0)","decl":{"start":{"line":35,"column":31},"end":{"line":35,"column":32}},"loc":{"start":{"line":35,"column":37},"end":{"line":43,"column":1}},"line":35}},"branchMap":{"0":{"loc":{"start":{"line":41,"column":22},"end":{"line":41,"column":53}},"type":"binary-expr","locations":[{"start":{"line":41,"column":22},"end":{"line":41,"column":36}},{"start":{"line":41,"column":40},"end":{"line":41,"column":53}}],"line":41},"1":{"loc":{"start":{"line":50,"column":15},"end":{"line":50,"column":null}},"type":"binary-expr","locations":[{"start":{"line":50,"column":15},"end":{"line":50,"column":23}},{"start":{"line":50,"column":27},"end":{"line":50,"column":null}}],"line":50},"2":{"loc":{"start":{"line":53,"column":16},"end":{"line":53,"column":null}},"type":"cond-expr","locations":[{"start":{"line":53,"column":4},"end":{"line":53,"column":null}}],"line":53}},"s":{"0":4,"1":4,"2":4,"3":4},"f":{"0":4},"b":{"0":[4,4],"1":[4,4],"2":[1]},"meta":{"lastBranch":3,"lastFunction":1,"lastStatement":4,"seen":{"s:4:14:4:Infinity":0,"s:35:21:43:Infinity":1,"f:35:31:35:32":0,"s:36:2:42:Infinity":2,"b:41:22:41:36:41:40:41:53":0,"s:47:2:54:Infinity":3,"b:50:15:50:23:50:27:50:Infinity":1,"b:53:4:53:Infinity":2}}}
,"C:\\Proyectos\\moni-up-bursatil\\src\\components\\profile\\ProfileForm.vue": {"path":"C:\\Proyectos\\moni-up-bursatil\\src\\components\\profile\\ProfileForm.vue","statementMap":{"0":{"start":{"line":10,"column":17},"end":{"line":10,"column":null}},"1":{"start":{"line":13,"column":19},"end":{"line":13,"column":null}},"2":{"start":{"line":14,"column":20},"end":{"line":14,"column":null}},"3":{"start":{"line":16,"column":22},"end":{"line":16,"column":null}},"4":{"start":{"line":18,"column":20},"end":{"line":18,"column":null}},"5":{"start":{"line":18,"column":30},"end":{"line":18,"column":null}},"6":{"start":{"line":19,"column":18},"end":{"line":19,"column":null}},"7":{"start":{"line":19,"column":28},"end":{"line":19,"column":null}},"8":{"start":{"line":21,"column":20},"end":{"line":26,"column":null}},"9":{"start":{"line":22,"column":2},"end":{"line":24,"column":null}},"10":{"start":{"line":23,"column":4},"end":{"line":23,"column":null}},"11":{"start":{"line":23,"column":58},"end":{"line":23,"column":62}},"12":{"start":{"line":25,"column":2},"end":{"line":25,"column":null}},"13":{"start":{"line":28,"column":25},"end":{"line":30,"column":null}},"14":{"start":{"line":29,"column":2},"end":{"line":29,"column":null}},"15":{"start":{"line":32,"column":25},"end":{"line":55,"column":null}},"16":{"start":{"line":33,"column":15},"end":{"line":33,"column":null}},"17":{"start":{"line":34,"column":2},"end":{"line":54,"column":null}},"18":{"start":{"line":36,"column":4},"end":{"line":39,"column":null}},"19":{"start":{"line":37,"column":6},"end":{"line":37,"column":null}},"20":{"start":{"line":38,"column":6},"end":{"line":38,"column":null}},"21":{"start":{"line":42,"column":4},"end":{"line":45,"column":null}},"22":{"start":{"line":43,"column":6},"end":{"line":43,"column":null}},"23":{"start":{"line":44,"column":6},"end":{"line":44,"column":null}},"24":{"start":{"line":46,"column":19},"end":{"line":46,"column":null}},"25":{"start":{"line":47,"column":4},"end":{"line":52,"column":null}},"26":{"start":{"line":48,"column":6},"end":{"line":48,"column":null}},"27":{"start":{"line":49,"column":6},"end":{"line":49,"column":null}},"28":{"start":{"line":50,"column":6},"end":{"line":50,"column":null}},"29":{"start":{"line":51,"column":6},"end":{"line":51,"column":null}},"30":{"start":{"line":53,"column":4},"end":{"line":53,"column":null}},"31":{"start":{"line":57,"column":20},"end":{"line":68,"column":null}},"32":{"start":{"line":58,"column":2},"end":{"line":58,"column":null}},"33":{"start":{"line":59,"column":2},"end":{"line":67,"column":null}},"34":{"start":{"line":60,"column":4},"end":{"line":60,"column":null}},"35":{"start":{"line":61,"column":4},"end":{"line":61,"column":null}},"36":{"start":{"line":62,"column":4},"end":{"line":62,"column":null}},"37":{"start":{"line":64,"column":4},"end":{"line":64,"column":null}},"38":{"start":{"line":66,"column":4},"end":{"line":66,"column":null}},"39":{"start":{"line":72,"column":7},"end":{"line":72,"column":null}},"40":{"start":{"line":73,"column":9},"end":{"line":73,"column":null}},"41":{"start":{"line":74,"column":10},"end":{"line":74,"column":null}},"42":{"start":{"line":80,"column":11},"end":{"line":80,"column":null}},"43":{"start":{"line":81,"column":13},"end":{"line":81,"column":null}},"44":{"start":{"line":82,"column":15},"end":{"line":82,"column":null}},"45":{"start":{"line":83,"column":17},"end":{"line":83,"column":null}},"46":{"start":{"line":88,"column":17},"end":{"line":88,"column":null}},"47":{"start":{"line":94,"column":13},"end":{"line":94,"column":38}},"48":{"start":{"line":95,"column":13},"end":{"line":95,"column":53}},"49":{"start":{"line":101,"column":11},"end":{"line":101,"column":null}},"50":{"start":{"line":103,"column":15},"end":{"line":103,"column":null}},"51":{"start":{"line":110,"column":11},"end":{"line":110,"column":null}},"52":{"start":{"line":117,"column":11},"end":{"line":117,"column":null}},"53":{"start":{"line":72,"column":2},"end":{"line":122,"column":17}},"54":{"start":{"line":105,"column":26},"end":{"line":105,"column":39}}},"fnMap":{"0":{"name":"(anonymous_0)","decl":{"start":{"line":18,"column":20},"end":{"line":18,"column":21}},"loc":{"start":{"line":18,"column":30},"end":{"line":18,"column":null}},"line":18},"1":{"name":"(anonymous_1)","decl":{"start":{"line":19,"column":18},"end":{"line":19,"column":19}},"loc":{"start":{"line":19,"column":28},"end":{"line":19,"column":null}},"line":19},"2":{"name":"(anonymous_2)","decl":{"start":{"line":21,"column":30},"end":{"line":21,"column":31}},"loc":{"start":{"line":21,"column":36},"end":{"line":26,"column":1}},"line":21},"3":{"name":"(anonymous_3)","decl":{"start":{"line":23,"column":53},"end":{"line":23,"column":54}},"loc":{"start":{"line":23,"column":58},"end":{"line":23,"column":62}},"line":23},"4":{"name":"(anonymous_4)","decl":{"start":{"line":28,"column":35},"end":{"line":28,"column":36}},"loc":{"start":{"line":28,"column":41},"end":{"line":30,"column":1}},"line":28},"5":{"name":"(anonymous_5)","decl":{"start":{"line":32,"column":25},"end":{"line":32,"column":26}},"loc":{"start":{"line":32,"column":36},"end":{"line":55,"column":null}},"line":32},"6":{"name":"(anonymous_6)","decl":{"start":{"line":47,"column":20},"end":{"line":47,"column":21}},"loc":{"start":{"line":47,"column":27},"end":{"line":52,"column":null}},"line":47},"7":{"name":"(anonymous_7)","decl":{"start":{"line":57,"column":20},"end":{"line":57,"column":25}},"loc":{"start":{"line":57,"column":32},"end":{"line":68,"column":null}},"line":57},"8":{"name":"(anonymous_8)","decl":{"start":{"line":105,"column":26},"end":{"line":105,"column":37}},"loc":{"start":{"line":105,"column":26},"end":{"line":105,"column":39}},"line":105}},"branchMap":{"0":{"loc":{"start":{"line":13,"column":24},"end":{"line":13,"column":57}},"type":"binary-expr","locations":[{"start":{"line":13,"column":24},"end":{"line":13,"column":51}},{"start":{"line":13,"column":55},"end":{"line":13,"column":57}}],"line":13},"1":{"loc":{"start":{"line":22,"column":2},"end":{"line":24,"column":null}},"type":"if","locations":[{"start":{"line":22,"column":2},"end":{"line":24,"column":null}},{"start":{},"end":{}}],"line":22},"2":{"loc":{"start":{"line":25,"column":9},"end":{"line":25,"column":null}},"type":"binary-expr","locations":[{"start":{"line":25,"column":9},"end":{"line":25,"column":48}},{"start":{"line":25,"column":52},"end":{"line":25,"column":null}}],"line":25},"3":{"loc":{"start":{"line":29,"column":32},"end":{"line":29,"column":65}},"type":"binary-expr","locations":[{"start":{"line":29,"column":32},"end":{"line":29,"column":59}},{"start":{"line":29,"column":63},"end":{"line":29,"column":65}}],"line":29},"4":{"loc":{"start":{"line":34,"column":2},"end":{"line":54,"column":null}},"type":"if","locations":[{"start":{"line":34,"column":2},"end":{"line":54,"column":null}},{"start":{},"end":{}}],"line":34},"5":{"loc":{"start":{"line":36,"column":4},"end":{"line":39,"column":null}},"type":"if","locations":[{"start":{"line":36,"column":4},"end":{"line":39,"column":null}},{"start":{},"end":{}}],"line":36},"6":{"loc":{"start":{"line":36,"column":8},"end":{"line":36,"column":68}},"type":"binary-expr","locations":[{"start":{"line":36,"column":8},"end":{"line":36,"column":39}},{"start":{"line":36,"column":43},"end":{"line":36,"column":68}}],"line":36},"7":{"loc":{"start":{"line":42,"column":4},"end":{"line":45,"column":null}},"type":"if","locations":[{"start":{"line":42,"column":4},"end":{"line":45,"column":null}},{"start":{},"end":{}}],"line":42},"8":{"loc":{"start":{"line":75,"column":49},"end":{"line":77,"column":11}},"type":"binary-expr","locations":[{"start":{"line":75,"column":49},"end":{"line":75,"column":null}},{"start":{"line":75,"column":49},"end":{"line":77,"column":11}}],"line":75},"9":{"loc":{"start":{"line":84,"column":25},"end":{"line":85,"column":52}},"type":"cond-expr","locations":[{"start":{"line":84,"column":14},"end":{"line":84,"column":115}},{"start":{"line":85,"column":14},"end":{"line":85,"column":52}}],"line":84},"10":{"loc":{"start":{"line":94,"column":38},"end":{"line":94,"column":79}},"type":"binary-expr","locations":[{"start":{"line":94,"column":38},"end":{"line":94,"column":56}},{"start":{"line":94,"column":56},"end":{"line":94,"column":79}}],"line":94},"11":{"loc":{"start":{"line":96,"column":10},"end":{"line":96,"column":102}},"type":"binary-expr","locations":[{"start":{"line":96,"column":10},"end":{"line":96,"column":13}},{"start":{"line":96,"column":10},"end":{"line":96,"column":102}}],"line":96},"12":{"loc":{"start":{"line":102,"column":8},"end":{"line":102,"column":81}},"type":"binary-expr","locations":[{"start":{"line":102,"column":8},"end":{"line":102,"column":15}},{"start":{"line":102,"column":8},"end":{"line":102,"column":81}}],"line":102},"13":{"loc":{"start":{"line":105,"column":26},"end":{"line":105,"column":39}},"type":"binary-expr","locations":[{"start":{"line":105,"column":26},"end":{"line":105,"column":37}},{"start":{"line":105,"column":26},"end":{"line":105,"column":39}}],"line":105},"14":{"loc":{"start":{"line":111,"column":8},"end":{"line":111,"column":93}},"type":"binary-expr","locations":[{"start":{"line":111,"column":8},"end":{"line":111,"column":15}},{"start":{"line":111,"column":8},"end":{"line":111,"column":93}}],"line":111},"15":{"loc":{"start":{"line":113,"column":8},"end":{"line":113,"column":115}},"type":"binary-expr","locations":[{"start":{"line":113,"column":8},"end":{"line":113,"column":15}},{"start":{"line":113,"column":8},"end":{"line":113,"column":115}}],"line":113},"16":{"loc":{"start":{"line":118,"column":51},"end":{"line":118,"column":87}},"type":"binary-expr","locations":[{"start":{"line":118,"column":51},"end":{"line":118,"column":65}},{"start":{"line":118,"column":65},"end":{"line":118,"column":87}}],"line":118},"17":{"loc":{"start":{"line":119,"column":22},"end":{"line":120,"column":46}},"type":"cond-expr","locations":[{"start":{"line":119,"column":10},"end":{"line":119,"column":null}},{"start":{"line":120,"column":10},"end":{"line":120,"column":46}}],"line":119},"18":{"loc":{"start":{"line":120,"column":46},"end":{"line":122,"column":17}},"type":"binary-expr","locations":[{"start":{"line":120,"column":46},"end":{"line":120,"column":null}},{"start":{"line":120,"column":46},"end":{"line":122,"column":17}}],"line":120}},"s":{"0":3,"1":3,"2":3,"3":3,"4":3,"5":0,"6":3,"7":1,"8":3,"9":3,"10":3,"11":5,"12":0,"13":3,"14":4,"15":3,"16":1,"17":1,"18":1,"19":1,"20":1,"21":0,"22":0,"23":0,"24":0,"25":0,"26":0,"27":0,"28":0,"29":0,"30":0,"31":3,"32":0,"33":0,"34":0,"35":0,"36":0,"37":0,"38":0,"39":1,"40":1,"41":1,"42":1,"43":1,"44":1,"45":1,"46":1,"47":1,"48":1,"49":1,"50":1,"51":1,"52":1,"53":4,"54":1},"f":{"0":0,"1":1,"2":3,"3":5,"4":4,"5":1,"6":0,"7":0,"8":1},"b":{"0":[3,0],"1":[3,0],"2":[0,0],"3":[4,0],"4":[1,0],"5":[1,0],"6":[1,1],"7":[0,0],"8":[4,3],"9":[0,4],"10":[4,0],"11":[4,3],"12":[4,3],"13":[4,3],"14":[4,3],"15":[4,3],"16":[4,4],"17":[0,4],"18":[4,3]},"meta":{"lastBranch":19,"lastFunction":9,"lastStatement":55,"seen":{"s:10:17:10:Infinity":0,"s:13:19:13:Infinity":1,"b:13:24:13:51:13:55:13:57":0,"s:14:20:14:Infinity":2,"s:16:22:16:Infinity":3,"s:18:20:18:Infinity":4,"f:18:20:18:21":0,"s:18:30:18:Infinity":5,"s:19:18:19:Infinity":6,"f:19:18:19:19":1,"s:19:28:19:Infinity":7,"s:21:20:26:Infinity":8,"f:21:30:21:31":2,"b:22:2:24:Infinity:undefined:undefined:undefined:undefined":1,"s:22:2:24:Infinity":9,"s:23:4:23:Infinity":10,"f:23:53:23:54":3,"s:23:58:23:62":11,"s:25:2:25:Infinity":12,"b:25:9:25:48:25:52:25:Infinity":2,"s:28:25:30:Infinity":13,"f:28:35:28:36":4,"s:29:2:29:Infinity":14,"b:29:32:29:59:29:63:29:65":3,"s:32:25:55:Infinity":15,"f:32:25:32:26":5,"s:33:15:33:Infinity":16,"b:34:2:54:Infinity:undefined:undefined:undefined:undefined":4,"s:34:2:54:Infinity":17,"b:36:4:39:Infinity:undefined:undefined:undefined:undefined":5,"s:36:4:39:Infinity":18,"b:36:8:36:39:36:43:36:68":6,"s:37:6:37:Infinity":19,"s:38:6:38:Infinity":20,"b:42:4:45:Infinity:undefined:undefined:undefined:undefined":7,"s:42:4:45:Infinity":21,"s:43:6:43:Infinity":22,"s:44:6:44:Infinity":23,"s:46:19:46:Infinity":24,"s:47:4:52:Infinity":25,"f:47:20:47:21":6,"s:48:6:48:Infinity":26,"s:49:6:49:Infinity":27,"s:50:6:50:Infinity":28,"s:51:6:51:Infinity":29,"s:53:4:53:Infinity":30,"s:57:20:68:Infinity":31,"f:57:20:57:25":7,"s:58:2:58:Infinity":32,"s:59:2:67:Infinity":33,"s:60:4:60:Infinity":34,"s:61:4:61:Infinity":35,"s:62:4:62:Infinity":36,"s:64:4:64:Infinity":37,"s:66:4:66:Infinity":38,"s:72:7:72:Infinity":39,"s:73:9:73:Infinity":40,"s:74:10:74:Infinity":41,"s:80:11:80:Infinity":42,"s:81:13:81:Infinity":43,"s:82:15:82:Infinity":44,"s:83:17:83:Infinity":45,"s:88:17:88:Infinity":46,"s:94:13:94:38":47,"s:95:13:95:53":48,"s:101:11:101:Infinity":49,"s:103:15:103:Infinity":50,"s:110:11:110:Infinity":51,"s:117:11:117:Infinity":52,"s:72:2:122:17":53,"b:75:49:75:Infinity:75:49:77:11":8,"b:84:14:84:115:85:14:85:52":9,"b:94:38:94:56:94:56:94:79":10,"b:96:10:96:13:96:10:96:102":11,"b:102:8:102:15:102:8:102:81":12,"b:105:26:105:37:105:26:105:39":13,"f:105:26:105:37":8,"s:105:26:105:39":54,"b:111:8:111:15:111:8:111:93":14,"b:113:8:113:15:113:8:113:115":15,"b:118:51:118:65:118:65:118:87":16,"b:119:10:119:Infinity:120:10:120:46":17,"b:120:46:120:Infinity:120:46:122:17":18}}}
,"C:\\Proyectos\\moni-up-bursatil\\src\\services\\firebase.js": {"path":"C:\\Proyectos\\moni-up-bursatil\\src\\services\\firebase.js","statementMap":{"0":{"start":{"line":6,"column":23},"end":{"line":13,"column":null}},"1":{"start":{"line":15,"column":0},"end":{"line":17,"column":null}},"2":{"start":{"line":16,"column":2},"end":{"line":16,"column":null}},"3":{"start":{"line":20,"column":21},"end":{"line":24,"column":null}},"4":{"start":{"line":26,"column":0},"end":{"line":31,"column":null}},"5":{"start":{"line":27,"column":2},"end":{"line":30,"column":null}},"6":{"start":{"line":28,"column":4},"end":{"line":28,"column":null}},"7":{"start":{"line":29,"column":4},"end":{"line":29,"column":null}},"8":{"start":{"line":34,"column":11},"end":{"line":34,"column":null}},"9":{"start":{"line":37,"column":19},"end":{"line":37,"column":null}},"10":{"start":{"line":38,"column":17},"end":{"line":38,"column":null}},"11":{"start":{"line":41,"column":16},"end":{"line":41,"column":null}},"12":{"start":{"line":42,"column":0},"end":{"line":55,"column":null}},"13":{"start":{"line":43,"column":2},"end":{"line":54,"column":null}},"14":{"start":{"line":45,"column":6},"end":{"line":50,"column":null}},"15":{"start":{"line":46,"column":8},"end":{"line":49,"column":null}},"16":{"start":{"line":47,"column":10},"end":{"line":47,"column":null}},"17":{"start":{"line":48,"column":10},"end":{"line":48,"column":null}},"18":{"start":{"line":53,"column":6},"end":{"line":53,"column":null}}},"fnMap":{"0":{"name":"(anonymous_0)","decl":{"start":{"line":26,"column":21},"end":{"line":26,"column":22}},"loc":{"start":{"line":26,"column":34},"end":{"line":31,"column":1}},"line":26},"1":{"name":"(anonymous_1)","decl":{"start":{"line":44,"column":10},"end":{"line":44,"column":11}},"loc":{"start":{"line":44,"column":45},"end":{"line":51,"column":5}},"line":44},"2":{"name":"(anonymous_2)","decl":{"start":{"line":45,"column":25},"end":{"line":45,"column":26}},"loc":{"start":{"line":45,"column":34},"end":{"line":50,"column":7}},"line":45},"3":{"name":"(anonymous_3)","decl":{"start":{"line":52,"column":11},"end":{"line":52,"column":12}},"loc":{"start":{"line":52,"column":20},"end":{"line":54,"column":5}},"line":52}},"branchMap":{"0":{"loc":{"start":{"line":15,"column":0},"end":{"line":17,"column":null}},"type":"if","locations":[{"start":{"line":15,"column":0},"end":{"line":17,"column":null}},{"start":{},"end":{}}],"line":15},"1":{"loc":{"start":{"line":27,"column":2},"end":{"line":30,"column":null}},"type":"if","locations":[{"start":{"line":27,"column":2},"end":{"line":30,"column":null}},{"start":{},"end":{}}],"line":27},"2":{"loc":{"start":{"line":42,"column":0},"end":{"line":55,"column":null}},"type":"if","locations":[{"start":{"line":42,"column":0},"end":{"line":55,"column":null}},{"start":{},"end":{}}],"line":42},"3":{"loc":{"start":{"line":46,"column":8},"end":{"line":49,"column":null}},"type":"if","locations":[{"start":{"line":46,"column":8},"end":{"line":49,"column":null}},{"start":{},"end":{}}],"line":46}},"s":{"0":1,"1":1,"2":1,"3":1,"4":1,"5":3,"6":0,"7":0,"8":1,"9":1,"10":1,"11":1,"12":1,"13":1,"14":1,"15":1,"16":0,"17":0,"18":0},"f":{"0":3,"1":1,"2":1,"3":0},"b":{"0":[1,0],"1":[0,3],"2":[1,0],"3":[0,1]},"meta":{"lastBranch":4,"lastFunction":4,"lastStatement":19,"seen":{"s:6:23:13:Infinity":0,"b:15:0:17:Infinity:undefined:undefined:undefined:undefined":0,"s:15:0:17:Infinity":1,"s:16:2:16:Infinity":2,"s:20:21:24:Infinity":3,"s:26:0:31:Infinity":4,"f:26:21:26:22":0,"b:27:2:30:Infinity:undefined:undefined:undefined:undefined":1,"s:27:2:30:Infinity":5,"s:28:4:28:Infinity":6,"s:29:4:29:Infinity":7,"s:34:11:34:Infinity":8,"s:37:19:37:Infinity":9,"s:38:17:38:Infinity":10,"s:41:16:41:Infinity":11,"b:42:0:55:Infinity:undefined:undefined:undefined:undefined":2,"s:42:0:55:Infinity":12,"s:43:2:54:Infinity":13,"f:44:10:44:11":1,"s:45:6:50:Infinity":14,"f:45:25:45:26":2,"b:46:8:49:Infinity:undefined:undefined:undefined:undefined":3,"s:46:8:49:Infinity":15,"s:47:10:47:Infinity":16,"s:48:10:48:Infinity":17,"f:52:11:52:12":3,"s:53:6:53:Infinity":18}}}
,"C:\\Proyectos\\moni-up-bursatil\\src\\stores\\auth.js": {"path":"C:\\Proyectos\\moni-up-bursatil\\src\\stores\\auth.js","statementMap":{"0":{"start":{"line":14,"column":27},"end":{"line":129,"column":null}},"1":{"start":{"line":16,"column":14},"end":{"line":16,"column":null}},"2":{"start":{"line":17,"column":17},"end":{"line":17,"column":null}},"3":{"start":{"line":18,"column":15},"end":{"line":18,"column":null}},"4":{"start":{"line":19,"column":20},"end":{"line":19,"column":null}},"5":{"start":{"line":20,"column":19},"end":{"line":20,"column":null}},"6":{"start":{"line":23,"column":26},"end":{"line":23,"column":null}},"7":{"start":{"line":26,"column":25},"end":{"line":26,"column":null}},"8":{"start":{"line":26,"column":41},"end":{"line":26,"column":53}},"9":{"start":{"line":27,"column":19},"end":{"line":27,"column":null}},"10":{"start":{"line":27,"column":35},"end":{"line":27,"column":58}},"11":{"start":{"line":28,"column":18},"end":{"line":28,"column":null}},"12":{"start":{"line":28,"column":34},"end":{"line":28,"column":99}},"13":{"start":{"line":33,"column":27},"end":{"line":48,"column":null}},"14":{"start":{"line":34,"column":4},"end":{"line":34,"column":null}},"15":{"start":{"line":34,"column":27},"end":{"line":34,"column":null}},"16":{"start":{"line":36,"column":4},"end":{"line":45,"column":null}},"17":{"start":{"line":37,"column":5},"end":{"line":44,"column":null}},"18":{"start":{"line":38,"column":8},"end":{"line":38,"column":null}},"19":{"start":{"line":39,"column":8},"end":{"line":39,"column":null}},"20":{"start":{"line":40,"column":8},"end":{"line":43,"column":null}},"21":{"start":{"line":41,"column":10},"end":{"line":41,"column":null}},"22":{"start":{"line":42,"column":10},"end":{"line":42,"column":null}},"23":{"start":{"line":47,"column":4},"end":{"line":47,"column":null}},"24":{"start":{"line":51,"column":19},"end":{"line":77,"column":null}},"25":{"start":{"line":52,"column":4},"end":{"line":52,"column":null}},"26":{"start":{"line":53,"column":4},"end":{"line":53,"column":null}},"27":{"start":{"line":54,"column":4},"end":{"line":76,"column":null}},"28":{"start":{"line":55,"column":28},"end":{"line":55,"column":null}},"29":{"start":{"line":56,"column":28},"end":{"line":56,"column":null}},"30":{"start":{"line":58,"column":6},"end":{"line":60,"column":null}},"31":{"start":{"line":59,"column":8},"end":{"line":59,"column":null}},"32":{"start":{"line":62,"column":29},"end":{"line":62,"column":null}},"33":{"start":{"line":64,"column":6},"end":{"line":66,"column":null}},"34":{"start":{"line":65,"column":8},"end":{"line":65,"column":null}},"35":{"start":{"line":68,"column":6},"end":{"line":68,"column":null}},"36":{"start":{"line":69,"column":6},"end":{"line":69,"column":null}},"37":{"start":{"line":71,"column":6},"end":{"line":71,"column":null}},"38":{"start":{"line":72,"column":6},"end":{"line":72,"column":null}},"39":{"start":{"line":73,"column":6},"end":{"line":73,"column":null}},"40":{"start":{"line":75,"column":6},"end":{"line":75,"column":null}},"41":{"start":{"line":80,"column":16},"end":{"line":95,"column":null}},"42":{"start":{"line":81,"column":4},"end":{"line":81,"column":null}},"43":{"start":{"line":82,"column":4},"end":{"line":82,"column":null}},"44":{"start":{"line":83,"column":4},"end":{"line":94,"column":null}},"45":{"start":{"line":84,"column":28},"end":{"line":84,"column":null}},"46":{"start":{"line":85,"column":29},"end":{"line":85,"column":null}},"47":{"start":{"line":86,"column":6},"end":{"line":86,"column":null}},"48":{"start":{"line":87,"column":6},"end":{"line":87,"column":null}},"49":{"start":{"line":89,"column":6},"end":{"line":89,"column":null}},"50":{"start":{"line":90,"column":6},"end":{"line":90,"column":null}},"51":{"start":{"line":91,"column":6},"end":{"line":91,"column":null}},"52":{"start":{"line":93,"column":6},"end":{"line":93,"column":null}},"53":{"start":{"line":98,"column":17},"end":{"line":105,"column":null}},"54":{"start":{"line":99,"column":4},"end":{"line":104,"column":null}},"55":{"start":{"line":100,"column":6},"end":{"line":100,"column":null}},"56":{"start":{"line":101,"column":6},"end":{"line":101,"column":null}},"57":{"start":{"line":103,"column":6},"end":{"line":103,"column":null}},"58":{"start":{"line":107,"column":30},"end":{"line":109,"column":null}},"59":{"start":{"line":108,"column":4},"end":{"line":108,"column":null}},"60":{"start":{"line":111,"column":2},"end":{"line":128,"column":null}}},"fnMap":{"0":{"name":"(anonymous_0)","decl":{"start":{"line":14,"column":48},"end":{"line":14,"column":49}},"loc":{"start":{"line":14,"column":54},"end":{"line":129,"column":1}},"line":14},"1":{"name":"(anonymous_1)","decl":{"start":{"line":26,"column":35},"end":{"line":26,"column":36}},"loc":{"start":{"line":26,"column":41},"end":{"line":26,"column":53}},"line":26},"2":{"name":"(anonymous_2)","decl":{"start":{"line":27,"column":29},"end":{"line":27,"column":30}},"loc":{"start":{"line":27,"column":35},"end":{"line":27,"column":58}},"line":27},"3":{"name":"(anonymous_3)","decl":{"start":{"line":28,"column":28},"end":{"line":28,"column":29}},"loc":{"start":{"line":28,"column":34},"end":{"line":28,"column":99}},"line":28},"4":{"name":"(anonymous_4)","decl":{"start":{"line":33,"column":27},"end":{"line":33,"column":28}},"loc":{"start":{"line":33,"column":33},"end":{"line":48,"column":null}},"line":33},"5":{"name":"(anonymous_5)","decl":{"start":{"line":36,"column":36},"end":{"line":36,"column":37}},"loc":{"start":{"line":36,"column":49},"end":{"line":45,"column":5}},"line":36},"6":{"name":"(anonymous_6)","decl":{"start":{"line":37,"column":31},"end":{"line":37,"column":32}},"loc":{"start":{"line":37,"column":49},"end":{"line":44,"column":7}},"line":37},"7":{"name":"(anonymous_7)","decl":{"start":{"line":51,"column":19},"end":{"line":51,"column":24}},"loc":{"start":{"line":51,"column":64},"end":{"line":77,"column":null}},"line":51},"8":{"name":"(anonymous_8)","decl":{"start":{"line":80,"column":16},"end":{"line":80,"column":21}},"loc":{"start":{"line":80,"column":43},"end":{"line":95,"column":null}},"line":80},"9":{"name":"(anonymous_9)","decl":{"start":{"line":98,"column":17},"end":{"line":98,"column":22}},"loc":{"start":{"line":98,"column":29},"end":{"line":105,"column":null}},"line":98},"10":{"name":"(anonymous_10)","decl":{"start":{"line":107,"column":30},"end":{"line":107,"column":31}},"loc":{"start":{"line":107,"column":36},"end":{"line":109,"column":null}},"line":107}},"branchMap":{"0":{"loc":{"start":{"line":27,"column":35},"end":{"line":27,"column":58}},"type":"binary-expr","locations":[{"start":{"line":27,"column":35},"end":{"line":27,"column":52}},{"start":{"line":27,"column":56},"end":{"line":27,"column":58}}],"line":27},"1":{"loc":{"start":{"line":28,"column":34},"end":{"line":28,"column":99}},"type":"binary-expr","locations":[{"start":{"line":28,"column":34},"end":{"line":28,"column":57}},{"start":{"line":28,"column":61},"end":{"line":28,"column":93}},{"start":{"line":28,"column":97},"end":{"line":28,"column":99}}],"line":28},"2":{"loc":{"start":{"line":34,"column":4},"end":{"line":34,"column":null}},"type":"if","locations":[{"start":{"line":34,"column":4},"end":{"line":34,"column":null}},{"start":{},"end":{}}],"line":34},"3":{"loc":{"start":{"line":40,"column":8},"end":{"line":43,"column":null}},"type":"if","locations":[{"start":{"line":40,"column":8},"end":{"line":43,"column":null}},{"start":{},"end":{}}],"line":40},"4":{"loc":{"start":{"line":51,"column":43},"end":{"line":51,"column":59}},"type":"default-arg","locations":[{"start":{"line":51,"column":57},"end":{"line":51,"column":59}}],"line":51},"5":{"loc":{"start":{"line":56,"column":28},"end":{"line":56,"column":null}},"type":"cond-expr","locations":[{"start":{"line":56,"column":41},"end":{"line":56,"column":68}},{"start":{"line":56,"column":71},"end":{"line":56,"column":null}}],"line":56},"6":{"loc":{"start":{"line":58,"column":6},"end":{"line":60,"column":null}},"type":"if","locations":[{"start":{"line":58,"column":6},"end":{"line":60,"column":null}},{"start":{},"end":{}}],"line":58},"7":{"loc":{"start":{"line":64,"column":6},"end":{"line":66,"column":null}},"type":"if","locations":[{"start":{"line":64,"column":6},"end":{"line":66,"column":null}},{"start":{},"end":{}}],"line":64}},"s":{"0":2,"1":7,"2":7,"3":7,"4":7,"5":7,"6":7,"7":7,"8":3,"9":7,"10":5,"11":7,"12":3,"13":7,"14":0,"15":0,"16":0,"17":0,"18":0,"19":0,"20":0,"21":0,"22":0,"23":0,"24":7,"25":2,"26":2,"27":2,"28":2,"29":2,"30":2,"31":1,"32":1,"33":1,"34":1,"35":1,"36":1,"37":1,"38":1,"39":1,"40":2,"41":7,"42":2,"43":2,"44":2,"45":2,"46":2,"47":2,"48":2,"49":0,"50":0,"51":0,"52":2,"53":7,"54":1,"55":1,"56":1,"57":0,"58":7,"59":0,"60":7},"f":{"0":7,"1":3,"2":5,"3":3,"4":0,"5":0,"6":0,"7":2,"8":2,"9":1,"10":0},"b":{"0":[5,0],"1":[3,0,0],"2":[0,0],"3":[0,0],"4":[2],"5":[1,1],"6":[1,1],"7":[1,0]},"meta":{"lastBranch":8,"lastFunction":11,"lastStatement":61,"seen":{"s:14:27:129:Infinity":0,"f:14:48:14:49":0,"s:16:14:16:Infinity":1,"s:17:17:17:Infinity":2,"s:18:15:18:Infinity":3,"s:19:20:19:Infinity":4,"s:20:19:20:Infinity":5,"s:23:26:23:Infinity":6,"s:26:25:26:Infinity":7,"f:26:35:26:36":1,"s:26:41:26:53":8,"s:27:19:27:Infinity":9,"f:27:29:27:30":2,"s:27:35:27:58":10,"b:27:35:27:52:27:56:27:58":0,"s:28:18:28:Infinity":11,"f:28:28:28:29":3,"s:28:34:28:99":12,"b:28:34:28:57:28:61:28:93:28:97:28:99":1,"s:33:27:48:Infinity":13,"f:33:27:33:28":4,"b:34:4:34:Infinity:undefined:undefined:undefined:undefined":2,"s:34:4:34:Infinity":14,"s:34:27:34:Infinity":15,"s:36:4:45:Infinity":16,"f:36:36:36:37":5,"s:37:5:44:Infinity":17,"f:37:31:37:32":6,"s:38:8:38:Infinity":18,"s:39:8:39:Infinity":19,"b:40:8:43:Infinity:undefined:undefined:undefined:undefined":3,"s:40:8:43:Infinity":20,"s:41:10:41:Infinity":21,"s:42:10:42:Infinity":22,"s:47:4:47:Infinity":23,"s:51:19:77:Infinity":24,"f:51:19:51:24":7,"b:51:57:51:59":4,"s:52:4:52:Infinity":25,"s:53:4:53:Infinity":26,"s:54:4:76:Infinity":27,"s:55:28:55:Infinity":28,"s:56:28:56:Infinity":29,"b:56:41:56:68:56:71:56:Infinity":5,"b:58:6:60:Infinity:undefined:undefined:undefined:undefined":6,"s:58:6:60:Infinity":30,"s:59:8:59:Infinity":31,"s:62:29:62:Infinity":32,"b:64:6:66:Infinity:undefined:undefined:undefined:undefined":7,"s:64:6:66:Infinity":33,"s:65:8:65:Infinity":34,"s:68:6:68:Infinity":35,"s:69:6:69:Infinity":36,"s:71:6:71:Infinity":37,"s:72:6:72:Infinity":38,"s:73:6:73:Infinity":39,"s:75:6:75:Infinity":40,"s:80:16:95:Infinity":41,"f:80:16:80:21":8,"s:81:4:81:Infinity":42,"s:82:4:82:Infinity":43,"s:83:4:94:Infinity":44,"s:84:28:84:Infinity":45,"s:85:29:85:Infinity":46,"s:86:6:86:Infinity":47,"s:87:6:87:Infinity":48,"s:89:6:89:Infinity":49,"s:90:6:90:Infinity":50,"s:91:6:91:Infinity":51,"s:93:6:93:Infinity":52,"s:98:17:105:Infinity":53,"f:98:17:98:22":9,"s:99:4:104:Infinity":54,"s:100:6:100:Infinity":55,"s:101:6:101:Infinity":56,"s:103:6:103:Infinity":57,"s:107:30:109:Infinity":58,"f:107:30:107:31":10,"s:108:4:108:Infinity":59,"s:111:2:128:Infinity":60}}}
,"C:\\Proyectos\\moni-up-bursatil\\src\\stores\\portfolio.js": {"path":"C:\\Proyectos\\moni-up-bursatil\\src\\stores\\portfolio.js","statementMap":{"0":{"start":{"line":5,"column":32},"end":{"line":92,"column":null}},"1":{"start":{"line":6,"column":17},"end":{"line":6,"column":null}},"2":{"start":{"line":7,"column":19},"end":{"line":7,"column":null}},"3":{"start":{"line":8,"column":17},"end":{"line":8,"column":null}},"4":{"start":{"line":11,"column":15},"end":{"line":33,"column":null}},"5":{"start":{"line":12,"column":4},"end":{"line":12,"column":null}},"6":{"start":{"line":13,"column":4},"end":{"line":13,"column":null}},"7":{"start":{"line":14,"column":4},"end":{"line":14,"column":null}},"8":{"start":{"line":17,"column":4},"end":{"line":32,"column":null}},"9":{"start":{"line":18,"column":23},"end":{"line":18,"column":null}},"10":{"start":{"line":19,"column":25},"end":{"line":19,"column":null}},"11":{"start":{"line":20,"column":6},"end":{"line":30,"column":null}},"12":{"start":{"line":21,"column":8},"end":{"line":29,"column":null}},"13":{"start":{"line":31,"column":6},"end":{"line":31,"column":null}},"14":{"start":{"line":36,"column":1},"end":{"line":36,"column":null}},"15":{"start":{"line":36,"column":29},"end":{"line":36,"column":73}},"16":{"start":{"line":37,"column":1},"end":{"line":37,"column":null}},"17":{"start":{"line":37,"column":31},"end":{"line":37,"column":77}},"18":{"start":{"line":38,"column":1},"end":{"line":38,"column":null}},"19":{"start":{"line":38,"column":29},"end":{"line":38,"column":73}},"20":{"start":{"line":41,"column":25},"end":{"line":55,"column":null}},"21":{"start":{"line":42,"column":4},"end":{"line":50,"column":null}},"22":{"start":{"line":52,"column":4},"end":{"line":54,"column":null}},"23":{"start":{"line":53,"column":6},"end":{"line":53,"column":null}},"24":{"start":{"line":57,"column":19},"end":{"line":68,"column":null}},"25":{"start":{"line":58,"column":21},"end":{"line":58,"column":null}},"26":{"start":{"line":59,"column":4},"end":{"line":59,"column":null}},"27":{"start":{"line":59,"column":42},"end":{"line":59,"column":null}},"28":{"start":{"line":61,"column":4},"end":{"line":66,"column":null}},"29":{"start":{"line":62,"column":6},"end":{"line":62,"column":null}},"30":{"start":{"line":63,"column":6},"end":{"line":63,"column":null}},"31":{"start":{"line":64,"column":6},"end":{"line":64,"column":null}},"32":{"start":{"line":65,"column":6},"end":{"line":65,"column":null}},"33":{"start":{"line":67,"column":4},"end":{"line":67,"column":null}},"34":{"start":{"line":70,"column":20},"end":{"line":82,"column":null}},"35":{"start":{"line":71,"column":21},"end":{"line":71,"column":null}},"36":{"start":{"line":72,"column":4},"end":{"line":72,"column":null}},"37":{"start":{"line":72,"column":42},"end":{"line":72,"column":null}},"38":{"start":{"line":74,"column":4},"end":{"line":80,"column":null}},"39":{"start":{"line":75,"column":6},"end":{"line":75,"column":null}},"40":{"start":{"line":76,"column":6},"end":{"line":76,"column":null}},"41":{"start":{"line":77,"column":6},"end":{"line":77,"column":null}},"42":{"start":{"line":77,"column":41},"end":{"line":77,"column":null}},"43":{"start":{"line":78,"column":6},"end":{"line":78,"column":null}},"44":{"start":{"line":79,"column":6},"end":{"line":79,"column":null}},"45":{"start":{"line":81,"column":4},"end":{"line":81,"column":null}},"46":{"start":{"line":84,"column":2},"end":{"line":91,"column":null}}},"fnMap":{"0":{"name":"(anonymous_0)","decl":{"start":{"line":5,"column":58},"end":{"line":5,"column":59}},"loc":{"start":{"line":5,"column":64},"end":{"line":92,"column":1}},"line":5},"1":{"name":"(anonymous_1)","decl":{"start":{"line":11,"column":15},"end":{"line":11,"column":16}},"loc":{"start":{"line":11,"column":21},"end":{"line":33,"column":null}},"line":11},"2":{"name":"(anonymous_2)","decl":{"start":{"line":36,"column":17},"end":{"line":36,"column":18}},"loc":{"start":{"line":36,"column":29},"end":{"line":36,"column":73}},"line":36},"3":{"name":"(anonymous_3)","decl":{"start":{"line":37,"column":19},"end":{"line":37,"column":20}},"loc":{"start":{"line":37,"column":31},"end":{"line":37,"column":77}},"line":37},"4":{"name":"(anonymous_4)","decl":{"start":{"line":38,"column":17},"end":{"line":38,"column":18}},"loc":{"start":{"line":38,"column":29},"end":{"line":38,"column":73}},"line":38},"5":{"name":"(anonymous_5)","decl":{"start":{"line":41,"column":25},"end":{"line":41,"column":26}},"loc":{"start":{"line":41,"column":64},"end":{"line":55,"column":null}},"line":41},"6":{"name":"(anonymous_6)","decl":{"start":{"line":57,"column":19},"end":{"line":57,"column":20}},"loc":{"start":{"line":57,"column":38},"end":{"line":68,"column":null}},"line":57},"7":{"name":"(anonymous_7)","decl":{"start":{"line":70,"column":20},"end":{"line":70,"column":21}},"loc":{"start":{"line":70,"column":39},"end":{"line":82,"column":null}},"line":70}},"branchMap":{"0":{"loc":{"start":{"line":17,"column":4},"end":{"line":32,"column":null}},"type":"if","locations":[{"start":{"line":17,"column":4},"end":{"line":32,"column":null}},{"start":{},"end":{}}],"line":17},"1":{"loc":{"start":{"line":17,"column":8},"end":{"line":17,"column":77}},"type":"binary-expr","locations":[{"start":{"line":17,"column":8},"end":{"line":17,"column":34}},{"start":{"line":17,"column":38},"end":{"line":17,"column":77}}],"line":17},"2":{"loc":{"start":{"line":41,"column":47},"end":{"line":41,"column":59}},"type":"default-arg","locations":[{"start":{"line":41,"column":58},"end":{"line":41,"column":59}}],"line":41},"3":{"loc":{"start":{"line":52,"column":4},"end":{"line":54,"column":null}},"type":"if","locations":[{"start":{"line":52,"column":4},"end":{"line":54,"column":null}},{"start":{},"end":{}}],"line":52},"4":{"loc":{"start":{"line":59,"column":4},"end":{"line":59,"column":null}},"type":"if","locations":[{"start":{"line":59,"column":4},"end":{"line":59,"column":null}},{"start":{},"end":{}}],"line":59},"5":{"loc":{"start":{"line":59,"column":8},"end":{"line":59,"column":40}},"type":"binary-expr","locations":[{"start":{"line":59,"column":8},"end":{"line":59,"column":23}},{"start":{"line":59,"column":27},"end":{"line":59,"column":40}}],"line":59},"6":{"loc":{"start":{"line":61,"column":4},"end":{"line":66,"column":null}},"type":"if","locations":[{"start":{"line":61,"column":4},"end":{"line":66,"column":null}},{"start":{},"end":{}}],"line":61},"7":{"loc":{"start":{"line":63,"column":33},"end":{"line":63,"column":61}},"type":"binary-expr","locations":[{"start":{"line":63,"column":33},"end":{"line":63,"column":56}},{"start":{"line":63,"column":60},"end":{"line":63,"column":61}}],"line":63},"8":{"loc":{"start":{"line":72,"column":4},"end":{"line":72,"column":null}},"type":"if","locations":[{"start":{"line":72,"column":4},"end":{"line":72,"column":null}},{"start":{},"end":{}}],"line":72},"9":{"loc":{"start":{"line":72,"column":8},"end":{"line":72,"column":40}},"type":"binary-expr","locations":[{"start":{"line":72,"column":8},"end":{"line":72,"column":23}},{"start":{"line":72,"column":27},"end":{"line":72,"column":40}}],"line":72},"10":{"loc":{"start":{"line":74,"column":4},"end":{"line":80,"column":null}},"type":"if","locations":[{"start":{"line":74,"column":4},"end":{"line":80,"column":null}},{"start":{},"end":{}}],"line":74},"11":{"loc":{"start":{"line":77,"column":6},"end":{"line":77,"column":null}},"type":"if","locations":[{"start":{"line":77,"column":6},"end":{"line":77,"column":null}},{"start":{},"end":{}}],"line":77}},"s":{"0":1,"1":4,"2":4,"3":4,"4":4,"5":4,"6":4,"7":4,"8":4,"9":0,"10":0,"11":0,"12":0,"13":0,"14":4,"15":2,"16":4,"17":4,"18":4,"19":4,"20":4,"21":2,"22":2,"23":0,"24":4,"25":2,"26":2,"27":0,"28":2,"29":1,"30":1,"31":1,"32":1,"33":1,"34":4,"35":1,"36":1,"37":0,"38":1,"39":1,"40":1,"41":1,"42":1,"43":1,"44":1,"45":0,"46":4},"f":{"0":4,"1":4,"2":2,"3":4,"4":4,"5":2,"6":2,"7":1},"b":{"0":[0,4],"1":[4,4],"2":[2],"3":[0,2],"4":[0,2],"5":[2,2],"6":[1,1],"7":[1,1],"8":[0,1],"9":[1,1],"10":[1,0],"11":[1,0]},"meta":{"lastBranch":12,"lastFunction":8,"lastStatement":47,"seen":{"s:5:32:92:Infinity":0,"f:5:58:5:59":0,"s:6:17:6:Infinity":1,"s:7:19:7:Infinity":2,"s:8:17:8:Infinity":3,"s:11:15:33:Infinity":4,"f:11:15:11:16":1,"s:12:4:12:Infinity":5,"s:13:4:13:Infinity":6,"s:14:4:14:Infinity":7,"b:17:4:32:Infinity:undefined:undefined:undefined:undefined":0,"s:17:4:32:Infinity":8,"b:17:8:17:34:17:38:17:77":1,"s:18:23:18:Infinity":9,"s:19:25:19:Infinity":10,"s:20:6:30:Infinity":11,"s:21:8:29:Infinity":12,"s:31:6:31:Infinity":13,"s:36:1:36:Infinity":14,"f:36:17:36:18":2,"s:36:29:36:73":15,"s:37:1:37:Infinity":16,"f:37:19:37:20":3,"s:37:31:37:77":17,"s:38:1:38:Infinity":18,"f:38:17:38:18":4,"s:38:29:38:73":19,"s:41:25:55:Infinity":20,"f:41:25:41:26":5,"b:41:58:41:59":2,"s:42:4:50:Infinity":21,"b:52:4:54:Infinity:undefined:undefined:undefined:undefined":3,"s:52:4:54:Infinity":22,"s:53:6:53:Infinity":23,"s:57:19:68:Infinity":24,"f:57:19:57:20":6,"s:58:21:58:Infinity":25,"b:59:4:59:Infinity:undefined:undefined:undefined:undefined":4,"s:59:4:59:Infinity":26,"b:59:8:59:23:59:27:59:40":5,"s:59:42:59:Infinity":27,"b:61:4:66:Infinity:undefined:undefined:undefined:undefined":6,"s:61:4:66:Infinity":28,"s:62:6:62:Infinity":29,"s:63:6:63:Infinity":30,"b:63:33:63:56:63:60:63:61":7,"s:64:6:64:Infinity":31,"s:65:6:65:Infinity":32,"s:67:4:67:Infinity":33,"s:70:20:82:Infinity":34,"f:70:20:70:21":7,"s:71:21:71:Infinity":35,"b:72:4:72:Infinity:undefined:undefined:undefined:undefined":8,"s:72:4:72:Infinity":36,"b:72:8:72:23:72:27:72:40":9,"s:72:42:72:Infinity":37,"b:74:4:80:Infinity:undefined:undefined:undefined:undefined":10,"s:74:4:80:Infinity":38,"s:75:6:75:Infinity":39,"s:76:6:76:Infinity":40,"b:77:6:77:Infinity:undefined:undefined:undefined:undefined":11,"s:77:6:77:Infinity":41,"s:77:41:77:Infinity":42,"s:78:6:78:Infinity":43,"s:79:6:79:Infinity":44,"s:81:4:81:Infinity":45,"s:84:2:91:Infinity":46}}}
,"C:\\Proyectos\\moni-up-bursatil\\src\\utils\\formatters.js": {"path":"C:\\Proyectos\\moni-up-bursatil\\src\\utils\\formatters.js","statementMap":{"0":{"start":{"line":10,"column":30},"end":{"line":15,"column":null}},"1":{"start":{"line":11,"column":2},"end":{"line":14,"column":null}},"2":{"start":{"line":22,"column":26},"end":{"line":31,"column":null}},"3":{"start":{"line":23,"column":2},"end":{"line":23,"column":null}},"4":{"start":{"line":23,"column":16},"end":{"line":23,"column":null}},"5":{"start":{"line":24,"column":15},"end":{"line":24,"column":null}},"6":{"start":{"line":25,"column":2},"end":{"line":30,"column":null}},"7":{"start":{"line":38,"column":29},"end":{"line":43,"column":null}},"8":{"start":{"line":39,"column":2},"end":{"line":42,"column":null}}},"fnMap":{"0":{"name":"(anonymous_0)","decl":{"start":{"line":10,"column":30},"end":{"line":10,"column":31}},"loc":{"start":{"line":10,"column":39},"end":{"line":15,"column":null}},"line":10},"1":{"name":"(anonymous_1)","decl":{"start":{"line":22,"column":26},"end":{"line":22,"column":27}},"loc":{"start":{"line":22,"column":39},"end":{"line":31,"column":null}},"line":22},"2":{"name":"(anonymous_2)","decl":{"start":{"line":38,"column":29},"end":{"line":38,"column":30}},"loc":{"start":{"line":38,"column":38},"end":{"line":43,"column":null}},"line":38}},"branchMap":{"0":{"loc":{"start":{"line":14,"column":12},"end":{"line":14,"column":20}},"type":"binary-expr","locations":[{"start":{"line":14,"column":12},"end":{"line":14,"column":15}},{"start":{"line":14,"column":19},"end":{"line":14,"column":20}}],"line":14},"1":{"loc":{"start":{"line":23,"column":2},"end":{"line":23,"column":null}},"type":"if","locations":[{"start":{"line":23,"column":2},"end":{"line":23,"column":null}},{"start":{},"end":{}}],"line":23},"2":{"loc":{"start":{"line":42,"column":12},"end":{"line":42,"column":20}},"type":"binary-expr","locations":[{"start":{"line":42,"column":12},"end":{"line":42,"column":15}},{"start":{"line":42,"column":19},"end":{"line":42,"column":20}}],"line":42}},"s":{"0":1,"1":4,"2":1,"3":0,"4":0,"5":0,"6":0,"7":1,"8":3},"f":{"0":4,"1":0,"2":3},"b":{"0":[4,2],"1":[0,0],"2":[3,0]},"meta":{"lastBranch":3,"lastFunction":3,"lastStatement":9,"seen":{"s:10:30:15:Infinity":0,"f:10:30:10:31":0,"s:11:2:14:Infinity":1,"b:14:12:14:15:14:19:14:20":0,"s:22:26:31:Infinity":2,"f:22:26:22:27":1,"b:23:2:23:Infinity:undefined:undefined:undefined:undefined":1,"s:23:2:23:Infinity":3,"s:23:16:23:Infinity":4,"s:24:15:24:Infinity":5,"s:25:2:30:Infinity":6,"s:38:29:43:Infinity":7,"f:38:29:38:30":2,"s:39:2:42:Infinity":8,"b:42:12:42:15:42:19:42:20":2}}}
,"C:\\Proyectos\\moni-up-bursatil\\src\\utils\\sanitize.js": {"path":"C:\\Proyectos\\moni-up-bursatil\\src\\utils\\sanitize.js","statementMap":{"0":{"start":{"line":5,"column":0},"end":{"line":10,"column":null}},"1":{"start":{"line":12,"column":29},"end":{"line":17,"column":null}},"2":{"start":{"line":13,"column":2},"end":{"line":15,"column":null}},"3":{"start":{"line":14,"column":4},"end":{"line":14,"column":null}},"4":{"start":{"line":16,"column":2},"end":{"line":16,"column":null}},"5":{"start":{"line":19,"column":30},"end":{"line":27,"column":null}},"6":{"start":{"line":20,"column":20},"end":{"line":20,"column":null}},"7":{"start":{"line":21,"column":2},"end":{"line":25,"column":null}},"8":{"start":{"line":22,"column":4},"end":{"line":24,"column":null}},"9":{"start":{"line":23,"column":6},"end":{"line":23,"column":null}},"10":{"start":{"line":26,"column":2},"end":{"line":26,"column":null}},"11":{"start":{"line":30,"column":28},"end":{"line":32,"column":null}},"12":{"start":{"line":31,"column":2},"end":{"line":31,"column":null}}},"fnMap":{"0":{"name":"(anonymous_0)","decl":{"start":{"line":12,"column":29},"end":{"line":12,"column":30}},"loc":{"start":{"line":12,"column":40},"end":{"line":17,"column":null}},"line":12},"1":{"name":"(anonymous_1)","decl":{"start":{"line":19,"column":30},"end":{"line":19,"column":31}},"loc":{"start":{"line":19,"column":39},"end":{"line":27,"column":null}},"line":19},"2":{"name":"(anonymous_2)","decl":{"start":{"line":30,"column":28},"end":{"line":30,"column":29}},"loc":{"start":{"line":30,"column":38},"end":{"line":32,"column":null}},"line":30}},"branchMap":{"0":{"loc":{"start":{"line":13,"column":2},"end":{"line":15,"column":null}},"type":"if","locations":[{"start":{"line":13,"column":2},"end":{"line":15,"column":null}},{"start":{},"end":{}}],"line":13},"1":{"loc":{"start":{"line":22,"column":4},"end":{"line":24,"column":null}},"type":"if","locations":[{"start":{"line":22,"column":4},"end":{"line":24,"column":null}},{"start":{},"end":{}}],"line":22}},"s":{"0":2,"1":2,"2":5,"3":5,"4":0,"5":2,"6":0,"7":0,"8":0,"9":0,"10":0,"11":2,"12":0},"f":{"0":5,"1":0,"2":0},"b":{"0":[5,0],"1":[0,0]},"meta":{"lastBranch":2,"lastFunction":3,"lastStatement":13,"seen":{"s:5:0:10:Infinity":0,"s:12:29:17:Infinity":1,"f:12:29:12:30":0,"b:13:2:15:Infinity:undefined:undefined:undefined:undefined":0,"s:13:2:15:Infinity":2,"s:14:4:14:Infinity":3,"s:16:2:16:Infinity":4,"s:19:30:27:Infinity":5,"f:19:30:19:31":1,"s:20:20:20:Infinity":6,"s:21:2:25:Infinity":7,"b:22:4:24:Infinity:undefined:undefined:undefined:undefined":1,"s:22:4:24:Infinity":8,"s:23:6:23:Infinity":9,"s:26:2:26:Infinity":10,"s:30:28:32:Infinity":11,"f:30:28:30:29":2,"s:31:2:31:Infinity":12}}}
}
